<?xml version="1.0" encoding="UTF-8"?>
<!-- Generated by org.testng.reporters.JUnitXMLReporter -->
<testsuite ignored="0" hostname="LAPTOP-4PIP6EC5" failures="0" tests="3" name="Default test" time="16.266" errors="0" timestamp="18 Sep 2021 05:38:49 GMT">
  <testcase classname="com.qa.tcase.tc_FacebookSignUp" name="verifyPageTitle" time="0.013"/>
  <testcase classname="com.qa.tcase.tc_FacebookSignUp" name="filleSignUpForm" time="0.952"/>
  <testcase classname="com.qa.tcase.tc_FacebookSignUp" name="filleSignUpForm" time="0.68"/>
</testsuite> <!-- Default test -->
