<?xml version="1.0" encoding="UTF-8"?>
<testng-results ignored="0" total="5" passed="5" failed="0" skipped="0">
  <reporter-output>
  </reporter-output>
  <suite started-at="2021-09-18T05:48:03Z" name="Suite" finished-at="2021-09-18T05:48:24Z" duration-ms="21072">
    <groups>
    </groups>
    <test started-at="2021-09-18T05:48:03Z" name="Test" finished-at="2021-09-18T05:48:24Z" duration-ms="21072">
      <class name="com.qa.tcase.GoogleSearchTest">
        <test-method is-config="true" signature="setup()[pri:0, instance:com.qa.tcase.GoogleSearchTest@1fb19a0]" started-at="2021-09-18T05:48:03Z" name="setup" finished-at="2021-09-18T05:48:06Z" duration-ms="2864" status="PASS">
          <reporter-output>
          </reporter-output>
        </test-method> <!-- setup -->
        <test-method signature="verifyGoogleSearch()[pri:1, instance:com.qa.tcase.GoogleSearchTest@1fb19a0]" started-at="2021-09-18T05:48:06Z" name="verifyGoogleSearch" finished-at="2021-09-18T05:48:06Z" duration-ms="226" status="PASS">
          <reporter-output>
          </reporter-output>
        </test-method> <!-- verifyGoogleSearch -->
        <test-method is-config="true" signature="killBrowser()[pri:0, instance:com.qa.tcase.GoogleSearchTest@1fb19a0]" started-at="2021-09-18T05:48:06Z" name="killBrowser" finished-at="2021-09-18T05:48:07Z" duration-ms="671" status="PASS">
          <reporter-output>
          </reporter-output>
        </test-method> <!-- killBrowser -->
        <test-method is-config="true" signature="setup()[pri:0, instance:com.qa.tcase.GoogleSearchTest@1fb19a0]" started-at="2021-09-18T05:48:11Z" name="setup" finished-at="2021-09-18T05:48:13Z" duration-ms="2434" status="PASS">
          <reporter-output>
          </reporter-output>
        </test-method> <!-- setup -->
        <test-method signature="verifyGoogleSearchType()[pri:2, instance:com.qa.tcase.GoogleSearchTest@1fb19a0]" started-at="2021-09-18T05:48:13Z" name="verifyGoogleSearchType" finished-at="2021-09-18T05:48:14Z" duration-ms="164" status="PASS">
          <reporter-output>
          </reporter-output>
        </test-method> <!-- verifyGoogleSearchType -->
        <test-method is-config="true" signature="killBrowser()[pri:0, instance:com.qa.tcase.GoogleSearchTest@1fb19a0]" started-at="2021-09-18T05:48:14Z" name="killBrowser" finished-at="2021-09-18T05:48:14Z" duration-ms="605" status="PASS">
          <reporter-output>
          </reporter-output>
        </test-method> <!-- killBrowser -->
      </class> <!-- com.qa.tcase.GoogleSearchTest -->
      <class name="com.qa.tcase.tc_FacebookSignUp">
        <test-method is-config="true" signature="getURL()[pri:0, instance:com.qa.tcase.tc_FacebookSignUp@732d0d24]" started-at="2021-09-18T05:48:03Z" name="getURL" finished-at="2021-09-18T05:48:03Z" duration-ms="9" status="PASS">
          <reporter-output>
          </reporter-output>
        </test-method> <!-- getURL -->
        <test-method is-config="true" signature="setup()[pri:0, instance:com.qa.tcase.tc_FacebookSignUp@732d0d24]" started-at="2021-09-18T05:48:07Z" name="setup" finished-at="2021-09-18T05:48:10Z" duration-ms="3698" status="PASS">
          <reporter-output>
          </reporter-output>
        </test-method> <!-- setup -->
        <test-method signature="verifyPageTitle()[pri:1, instance:com.qa.tcase.tc_FacebookSignUp@732d0d24]" started-at="2021-09-18T05:48:10Z" name="verifyPageTitle" finished-at="2021-09-18T05:48:10Z" duration-ms="9" status="PASS">
          <reporter-output>
          </reporter-output>
        </test-method> <!-- verifyPageTitle -->
        <test-method is-config="true" signature="killBrowser()[pri:0, instance:com.qa.tcase.tc_FacebookSignUp@732d0d24]" started-at="2021-09-18T05:48:10Z" name="killBrowser" finished-at="2021-09-18T05:48:11Z" duration-ms="589" status="PASS">
          <reporter-output>
          </reporter-output>
        </test-method> <!-- killBrowser -->
        <test-method is-config="true" signature="setup()[pri:0, instance:com.qa.tcase.tc_FacebookSignUp@732d0d24]" started-at="2021-09-18T05:48:15Z" name="setup" finished-at="2021-09-18T05:48:18Z" duration-ms="2939" status="PASS">
          <reporter-output>
          </reporter-output>
        </test-method> <!-- setup -->
        <test-method signature="filleSignUpForm(java.lang.String, java.lang.String, java.lang.String, java.lang.String, java.lang.String, java.lang.String, java.lang.String)[pri:2, instance:com.qa.tcase.tc_FacebookSignUp@732d0d24]" started-at="2021-09-18T05:48:18Z" name="filleSignUpForm" data-provider="excelData" finished-at="2021-09-18T05:48:18Z" depends-on-methods="com.qa.tcase.tc_FacebookSignUp.verifyPageTitle" duration-ms="731" status="PASS">
          <params>
            <param index="0">
              <value>
                <![CDATA[testUser]]>
              </value>
            </param>
            <param index="1">
              <value>
                <![CDATA[One]]>
              </value>
            </param>
            <param index="2">
              <value>
                <![CDATA[email@mail.com]]>
              </value>
            </param>
            <param index="3">
              <value>
                <![CDATA[pass@123]]>
              </value>
            </param>
            <param index="4">
              <value>
                <![CDATA[22]]>
              </value>
            </param>
            <param index="5">
              <value>
                <![CDATA[Jun]]>
              </value>
            </param>
            <param index="6">
              <value>
                <![CDATA[2000]]>
              </value>
            </param>
          </params>
          <reporter-output>
          </reporter-output>
        </test-method> <!-- filleSignUpForm -->
        <test-method is-config="true" signature="killBrowser()[pri:0, instance:com.qa.tcase.tc_FacebookSignUp@732d0d24]" started-at="2021-09-18T05:48:18Z" name="killBrowser" finished-at="2021-09-18T05:48:19Z" duration-ms="591" status="PASS">
          <reporter-output>
          </reporter-output>
        </test-method> <!-- killBrowser -->
        <test-method is-config="true" signature="setup()[pri:0, instance:com.qa.tcase.tc_FacebookSignUp@732d0d24]" started-at="2021-09-18T05:48:19Z" name="setup" finished-at="2021-09-18T05:48:22Z" duration-ms="3441" status="PASS">
          <reporter-output>
          </reporter-output>
        </test-method> <!-- setup -->
        <test-method signature="filleSignUpForm(java.lang.String, java.lang.String, java.lang.String, java.lang.String, java.lang.String, java.lang.String, java.lang.String)[pri:2, instance:com.qa.tcase.tc_FacebookSignUp@732d0d24]" started-at="2021-09-18T05:48:22Z" name="filleSignUpForm" data-provider="excelData" finished-at="2021-09-18T05:48:23Z" depends-on-methods="com.qa.tcase.tc_FacebookSignUp.verifyPageTitle" duration-ms="958" status="PASS">
          <params>
            <param index="0">
              <value>
                <![CDATA[testUser]]>
              </value>
            </param>
            <param index="1">
              <value>
                <![CDATA[Two]]>
              </value>
            </param>
            <param index="2">
              <value>
                <![CDATA[email@mail.com]]>
              </value>
            </param>
            <param index="3">
              <value>
                <![CDATA[pass@123]]>
              </value>
            </param>
            <param index="4">
              <value>
                <![CDATA[23]]>
              </value>
            </param>
            <param index="5">
              <value>
                <![CDATA[Jul]]>
              </value>
            </param>
            <param index="6">
              <value>
                <![CDATA[2001]]>
              </value>
            </param>
          </params>
          <reporter-output>
          </reporter-output>
        </test-method> <!-- filleSignUpForm -->
        <test-method is-config="true" signature="killBrowser()[pri:0, instance:com.qa.tcase.tc_FacebookSignUp@732d0d24]" started-at="2021-09-18T05:48:23Z" name="killBrowser" finished-at="2021-09-18T05:48:24Z" duration-ms="597" status="PASS">
          <reporter-output>
          </reporter-output>
        </test-method> <!-- killBrowser -->
      </class> <!-- com.qa.tcase.tc_FacebookSignUp -->
    </test> <!-- Test -->
  </suite> <!-- Suite -->
</testng-results>
