<?xml version="1.0" encoding="UTF-8"?>
<!-- Generated by org.testng.reporters.JUnitXMLReporter -->
<testsuite ignored="0" hostname="LAPTOP-4PIP6EC5" failures="0" tests="5" name="Test" time="21.072" errors="0" timestamp="18 Sep 2021 05:48:24 GMT">
  <testcase classname="com.qa.tcase.GoogleSearchTest" name="verifyGoogleSearch" time="0.226"/>
  <testcase classname="com.qa.tcase.tc_FacebookSignUp" name="verifyPageTitle" time="0.009"/>
  <testcase classname="com.qa.tcase.GoogleSearchTest" name="verifyGoogleSearchType" time="0.164"/>
  <testcase classname="com.qa.tcase.tc_FacebookSignUp" name="filleSignUpForm" time="0.731"/>
  <testcase classname="com.qa.tcase.tc_FacebookSignUp" name="filleSignUpForm" time="0.958"/>
</testsuite> <!-- Test -->
